生成启动时间为 2013/4/15 21:38:59。
     1>项目“F:\cocos2d-2.1beta3-x-2.1.1\zhaJinHua\proj.win32\zhaJinHua.win32.vcxproj”在节点 2 上(build 个目标)。
     1>InitializeBuildStatus:
         正在创建“Debug.win32\zhaJinHua.win32.unsuccessfulbuild”，因为已指定“AlwaysCreate”。
       ClCompile:
         C:\Program Files (x86)\Microsoft Visual Studio 10.0\VC\bin\CL.exe /c /I. /I..\Classes /I"F:\cocos2d-2.1beta3-x-2.1.1\cocos2dx" /I"F:\cocos2d-2.1beta3-x-2.1.1\cocos2dx\include" /I"F:\cocos2d-2.1beta3-x-2.1.1\cocos2dx\kazmath\include" /I"F:\cocos2d-2.1beta3-x-2.1.1\cocos2dx\platform\win32" /I"F:\cocos2d-2.1beta3-x-2.1.1\cocos2dx\platform\third_party\win32" /I"F:\cocos2d-2.1beta3-x-2.1.1\cocos2dx\platform\third_party\win32\OGLES" /I"F:\cocos2d-2.1beta3-x-2.1.1\external" /I"F:\cocos2d-2.1beta3-x-2.1.1\CocosDenshion\include" /ZI /nologo /W3 /WX- /Od /Oy- /D WIN32 /D _WINDOWS /D STRICT /D _CRT_SECURE_NO_WARNINGS /D _SCL_SECURE_NO_WARNINGS_DEBUG /D COCOS2D_DEBUG=1 /D _UNICODE /D UNICODE /Gm /EHsc /RTC1 /MDd /GS /fp:precise /Zc:wchar_t /Zc:forScope /Fo"Debug.win32\\" /Fd"Debug.win32\vc100.pdb" /Gd /TP /wd4267 /wd4251 /wd4244 /analyze- /errorReport:prompt ..\Classes\HelloWorldScene.cpp
         HelloWorldScene.cpp
     1>f:\cocos2d-2.1beta3-x-2.1.1\zhajinhua\classes\helloworldscene.cpp(137): warning C4305: “参数”: 从“double”到“float”截断
     1>f:\cocos2d-2.1beta3-x-2.1.1\zhajinhua\classes\helloworldscene.cpp(158): warning C4305: “参数”: 从“double”到“float”截断
     1>f:\cocos2d-2.1beta3-x-2.1.1\zhajinhua\classes\helloworldscene.cpp(167): warning C4305: “参数”: 从“double”到“float”截断
     1>f:\cocos2d-2.1beta3-x-2.1.1\zhajinhua\classes\helloworldscene.cpp(176): warning C4305: “参数”: 从“double”到“float”截断
     1>f:\cocos2d-2.1beta3-x-2.1.1\zhajinhua\classes\helloworldscene.cpp(184): warning C4305: “参数”: 从“double”到“float”截断
     1>f:\cocos2d-2.1beta3-x-2.1.1\zhajinhua\classes\helloworldscene.cpp(195): warning C4305: “参数”: 从“double”到“float”截断
     1>f:\cocos2d-2.1beta3-x-2.1.1\zhajinhua\classes\helloworldscene.cpp(208): warning C4305: “参数”: 从“double”到“float”截断
     1>f:\cocos2d-2.1beta3-x-2.1.1\zhajinhua\classes\helloworldscene.cpp(221): warning C4305: “参数”: 从“double”到“float”截断
     1>f:\cocos2d-2.1beta3-x-2.1.1\zhajinhua\classes\helloworldscene.cpp(234): warning C4305: “参数”: 从“double”到“float”截断
       ResourceCompile:
         所有输出均为最新。
       ManifestResourceCompile:
         所有输出均为最新。
       Link:
         C:\Program Files (x86)\Microsoft Visual Studio 10.0\VC\bin\link.exe /ERRORREPORT:PROMPT /OUT:"F:\cocos2d-2.1beta3-x-2.1.1\Debug.win32\zhaJinHua.win32.exe" /INCREMENTAL /NOLOGO /LIBPATH:"F:\cocos2d-2.1beta3-x-2.1.1\Debug.win32\\" libcocos2d.lib opengl32.lib glew32.lib libBox2d.lib libCocosDenshion.lib kernel32.lib user32.lib gdi32.lib winspool.lib comdlg32.lib advapi32.lib shell32.lib ole32.lib oleaut32.lib uuid.lib odbc32.lib odbccp32.lib /MANIFEST /ManifestFile:"Debug.win32\zhaJinHua.win32.exe.intermediate.manifest" /MANIFESTUAC:"level='asInvoker' uiAccess='false'" /DEBUG /PDB:"F:\cocos2d-2.1beta3-x-2.1.1\Debug.win32\zhaJinHua.win32.pdb" /SUBSYSTEM:WINDOWS /TLBID:1 /DYNAMICBASE /NXCOMPAT /IMPLIB:"F:\cocos2d-2.1beta3-x-2.1.1\Debug.win32\zhaJinHua.win32.lib" /MACHINE:X86 Debug.win32\zhaJinHua.res
         Debug.win32\zhaJinHua.win32.exe.embed.manifest.res
         Debug.win32\AppDelegate.obj
         Debug.win32\HelloWorldScene.obj
         Debug.win32\main.obj
       Manifest:
         C:\Program Files (x86)\Microsoft SDKs\Windows\v7.0A\bin\mt.exe /nologo /verbose /out:"Debug.win32\zhaJinHua.win32.exe.embed.manifest" /manifest Debug.win32\zhaJinHua.win32.exe.intermediate.manifest
         所有输出均为最新。
       LinkEmbedManifest:
         所有输出均为最新。
         zhaJinHua.win32.vcxproj -> F:\cocos2d-2.1beta3-x-2.1.1\Debug.win32\zhaJinHua.win32.exe
       FinalizeBuildStatus:
         正在删除文件“Debug.win32\zhaJinHua.win32.unsuccessfulbuild”。
         正在对“Debug.win32\zhaJinHua.win32.lastbuildstate”执行 Touch 任务。
     1>已完成生成项目“F:\cocos2d-2.1beta3-x-2.1.1\zhaJinHua\proj.win32\zhaJinHua.win32.vcxproj”(build 个目标)的操作。

生成成功。

已用时间 00:00:08.74
